# JRE version: Java(TM) SE Runtime Environment 18.9 (11.0.11+9) (build 11.0.11+9-LTS-194)
# Java VM: Java HotSpot(TM) 64-Bit Server VM 18.9 (11.0.11+9-LTS-194, mixed mode, tiered, compressed oops, g1 gc, windows-amd64)
Heap:
 garbage-first heap   total 262144K, used 118422K [0x00000000e0000000, 0x0000000100000000)
  region size 1024K, 72 young (73728K), 6 survivors (6144K)
 Metaspace       used 64412K, capacity 66092K, committed 66380K, reserved 311296K
  class space    used 8270K, capacity 8940K, committed 9036K, reserved 253952K
GC Heap History (10 events):
Event: 3.139 GC heap before
{Heap before GC invocations=7 (full 0):
 garbage-first heap   total 262144K, used 160124K [0x00000000e0000000, 0x0000000100000000)
  region size 1024K, 137 young (140288K), 7 survivors (7168K)
 Metaspace       used 45621K, capacity 46707K, committed 46848K, reserved 294912K
  class space    used 5852K, capacity 6285K, committed 6400K, reserved 253952K
}
Event: 3.148 GC heap after
{Heap after GC invocations=8 (full 0):
 garbage-first heap   total 262144K, used 29432K [0x00000000e0000000, 0x0000000100000000)
  region size 1024K, 13 young (13312K), 13 survivors (13312K)
 Metaspace       used 45621K, capacity 46707K, committed 46848K, reserved 294912K
  class space    used 5852K, capacity 6285K, committed 6400K, reserved 253952K
}
Event: 4.212 GC heap before
{Heap before GC invocations=8 (full 0):
 garbage-first heap   total 262144K, used 170744K [0x00000000e0000000, 0x0000000100000000)
  region size 1024K, 152 young (155648K), 13 survivors (13312K)
 Metaspace       used 54884K, capacity 56458K, committed 56704K, reserved 303104K
  class space    used 7114K, capacity 7697K, committed 7808K, reserved 253952K
}
Event: 4.227 GC heap after
{Heap after GC invocations=9 (full 0):
 garbage-first heap   total 262144K, used 38791K [0x00000000e0000000, 0x0000000100000000)
  region size 1024K, 19 young (19456K), 19 survivors (19456K)
 Metaspace       used 54884K, capacity 56458K, committed 56704K, reserved 303104K
  class space    used 7114K, capacity 7697K, committed 7808K, reserved 253952K
}
Event: 4.590 GC heap before
{Heap before GC invocations=9 (full 0):
 garbage-first heap   total 262144K, used 84871K [0x00000000e0000000, 0x0000000100000000)
  region size 1024K, 65 young (66560K), 19 survivors (19456K)
 Metaspace       used 58476K, capacity 60065K, committed 60160K, reserved 307200K
  class space    used 7638K, capacity 8262K, committed 8320K, reserved 253952K
}
Event: 4.600 GC heap after
{Heap after GC invocations=10 (full 0):
 garbage-first heap   total 262144K, used 40643K [0x00000000e0000000, 0x0000000100000000)
  region size 1024K, 13 young (13312K), 13 survivors (13312K)
 Metaspace       used 58476K, capacity 60065K, committed 60160K, reserved 307200K
  class space    used 7638K, capacity 8262K, committed 8320K, reserved 253952K
}
Event: 5.456 GC heap before
{Heap before GC invocations=11 (full 0):
 garbage-first heap   total 262144K, used 182979K [0x00000000e0000000, 0x0000000100000000)
  region size 1024K, 153 young (156672K), 13 survivors (13312K)
 Metaspace       used 64418K, capacity 66151K, committed 66380K, reserved 311296K
  class space    used 8280K, capacity 8961K, committed 9036K, reserved 253952K
}
Event: 5.467 GC heap after
{Heap after GC invocations=12 (full 0):
 garbage-first heap   total 262144K, used 52333K [0x00000000e0000000, 0x0000000100000000)
  region size 1024K, 14 young (14336K), 14 survivors (14336K)
 Metaspace       used 64418K, capacity 66151K, committed 66380K, reserved 311296K
  class space    used 8280K, capacity 8961K, committed 9036K, reserved 253952K
}
Event: 6.025 GC heap before
{Heap before GC invocations=13 (full 0):
 garbage-first heap   total 262144K, used 193645K [0x00000000e0000000, 0x0000000100000000)
  region size 1024K, 153 young (156672K), 14 survivors (14336K)
 Metaspace       used 64383K, capacity 66085K, committed 66380K, reserved 311296K
  class space    used 8268K, capacity 8939K, committed 9036K, reserved 253952K
}
Event: 6.035 GC heap after
{Heap after GC invocations=14 (full 0):
 garbage-first heap   total 262144K, used 52886K [0x00000000e0000000, 0x0000000100000000)
  region size 1024K, 6 young (6144K), 6 survivors (6144K)
 Metaspace       used 64383K, capacity 66085K, committed 66380K, reserved 311296K
  class space    used 8268K, capacity 8939K, committed 9036K, reserved 253952K
}

